[debug] [2021-04-01T07:49:43.433Z] ----------------------------------------------------------------------
[debug] [2021-04-01T07:49:43.435Z] Command:       /Users/yanek/.nvm/versions/node/v15.12.0/bin/node /Users/yanek/.nvm/versions/node/v15.12.0/bin/firebase emulators:start --only functions
[debug] [2021-04-01T07:49:43.435Z] CLI Version:   9.8.0
[debug] [2021-04-01T07:49:43.435Z] Platform:      darwin
[debug] [2021-04-01T07:49:43.435Z] Node Version:  v15.12.0
[debug] [2021-04-01T07:49:43.436Z] Time:          Thu Apr 01 2021 03:49:43 GMT-0400 (Eastern Daylight Time)
[debug] [2021-04-01T07:49:43.436Z] ----------------------------------------------------------------------
[debug] 
[debug] [2021-04-01T07:49:43.444Z] > command requires scopes: ["email","openid","https://www.googleapis.com/auth/cloudplatformprojects.readonly","https://www.googleapis.com/auth/firebase","https://www.googleapis.com/auth/cloud-platform"]
[debug] [2021-04-01T07:49:43.444Z] > authorizing via signed-in user
[info] i  emulators: Starting emulators: functions {"metadata":{"emulator":{"name":"hub"},"message":"Starting emulators: functions"}}
[debug] [2021-04-01T07:49:43.482Z] [hub] writing locator at /var/folders/r_/10ys2td52t1cmvck9xt97dym0000gn/T/hub-premium-cameras-61219.json
[warn] ⚠  functions: The following emulators are not running, calls to these services from the Functions emulator will affect production: auth, firestore, database, hosting, pubsub {"metadata":{"emulator":{"name":"functions"},"message":"The following emulators are not running, calls to these services from the Functions emulator will affect production: \u001b[1mauth, firestore, database, hosting, pubsub\u001b[22m"}}
[warn] ⚠  Your requested "node" version "12" doesn't match your global version "15" {"metadata":{"emulator":{"name":"functions"},"message":"Your requested \"node\" version \"12\" doesn't match your global version \"15\""}}
[debug] [2021-04-01T07:49:43.498Z] defaultcredentials: writing to file /Users/yanek/.config/firebase/theartoflife07_gmail_com_application_default_credentials.json
[debug] [2021-04-01T07:49:43.501Z] Setting GAC to /Users/yanek/.config/firebase/theartoflife07_gmail_com_application_default_credentials.json {"metadata":{"emulator":{"name":"functions"},"message":"Setting GAC to /Users/yanek/.config/firebase/theartoflife07_gmail_com_application_default_credentials.json"}}
[debug] [2021-04-01T07:49:43.503Z] > refreshing access token with scopes: []
[debug] [2021-04-01T07:49:43.504Z] >>> HTTP REQUEST POST https://www.googleapis.com/oauth2/v3/token  
 <request body omitted>
[debug] [2021-04-01T07:49:43.688Z] <<< HTTP RESPONSE 200 {"cache-control":"no-cache, no-store, max-age=0, must-revalidate","date":"Thu, 01 Apr 2021 07:49:43 GMT","expires":"Mon, 01 Jan 1990 00:00:00 GMT","pragma":"no-cache","content-type":"application/json; charset=utf-8","vary":"X-Origin, Referer, Origin,Accept-Encoding","server":"scaffolding on HTTPServer2","x-xss-protection":"0","x-frame-options":"SAMEORIGIN","x-content-type-options":"nosniff","alt-svc":"h3-29=\":443\"; ma=2592000,h3-T051=\":443\"; ma=2592000,h3-Q050=\":443\"; ma=2592000,h3-Q046=\":443\"; ma=2592000,h3-Q043=\":443\"; ma=2592000,quic=\":443\"; ma=2592000; v=\"46,43\"","accept-ranges":"none","transfer-encoding":"chunked"}
[debug] [2021-04-01T07:49:43.717Z] >>> [apiv2][query] GET https://firebase.googleapis.com/v1beta1/projects/premium-cameras-61219/adminSdkConfig [none]
[debug] [2021-04-01T07:49:44.015Z] <<< [apiv2][status] GET https://firebase.googleapis.com/v1beta1/projects/premium-cameras-61219/adminSdkConfig 200
[debug] [2021-04-01T07:49:44.015Z] <<< [apiv2][body] GET https://firebase.googleapis.com/v1beta1/projects/premium-cameras-61219/adminSdkConfig {"projectId":"premium-cameras-61219","storageBucket":"premium-cameras-61219.appspot.com","locationId":"us-central"}
[debug] [2021-04-01T07:49:44.305Z] Ignoring unsupported arg: auto_download {"metadata":{"emulator":{"name":"ui"},"message":"Ignoring unsupported arg: auto_download"}}
[debug] [2021-04-01T07:49:44.306Z] Ignoring unsupported arg: port {"metadata":{"emulator":{"name":"ui"},"message":"Ignoring unsupported arg: port"}}
[debug] [2021-04-01T07:49:44.306Z] Starting Emulator UI with command {"binary":"node","args":["/Users/yanek/.cache/firebase/emulators/ui-v1.4.2/server.bundle.js"],"optionalArgs":[],"joinArgs":false} {"metadata":{"emulator":{"name":"ui"},"message":"Starting Emulator UI with command {\"binary\":\"node\",\"args\":[\"/Users/yanek/.cache/firebase/emulators/ui-v1.4.2/server.bundle.js\"],\"optionalArgs\":[],\"joinArgs\":false}"}}
[info] i  ui: Emulator UI logging to ui-debug.log {"metadata":{"emulator":{"name":"ui"},"message":"Emulator UI logging to \u001b[1mui-debug.log\u001b[22m"}}
[debug] [2021-04-01T07:49:44.420Z] Web / API server started at http://localhost:4000
 {"metadata":{"emulator":{"name":"ui"},"message":"Web / API server started at http://localhost:4000\n"}}
[info] i  functions: Watching "/Users/yanek/Desktop/more_code/premium-cameras/functions" for Cloud Functions... {"metadata":{"emulator":{"name":"functions"},"message":"Watching \"/Users/yanek/Desktop/more_code/premium-cameras/functions\" for Cloud Functions..."}}
[debug] [2021-04-01T07:49:44.589Z] [worker-pool] addWorker(~diagnostic~) {"metadata":{"emulator":{"name":"functions"},"message":"[worker-pool] addWorker(~diagnostic~)"}}
[debug] [2021-04-01T07:49:44.589Z] [worker-pool] Adding worker with key ~diagnostic~, total=1 {"metadata":{"emulator":{"name":"functions"},"message":"[worker-pool] Adding worker with key ~diagnostic~, total=1"}}
[debug] [2021-04-01T07:49:44.589Z] [worker-pool] submitWork(triggerId=) {"metadata":{"emulator":{"name":"functions"},"message":"[worker-pool] submitWork(triggerId=)"}}
[debug] [2021-04-01T07:49:44.590Z] [worker-~diagnostic~-7ae7e116-d146-45d2-8500-d7ae8eb259fe]: Assigning socketPath: /var/folders/r_/10ys2td52t1cmvck9xt97dym0000gn/T/fire_emu_11130.sock {"metadata":{"emulator":{"name":"functions"},"message":"[worker-~diagnostic~-7ae7e116-d146-45d2-8500-d7ae8eb259fe]: Assigning socketPath: /var/folders/r_/10ys2td52t1cmvck9xt97dym0000gn/T/fire_emu_11130.sock"}}
[debug] [2021-04-01T07:49:44.590Z] [worker-~diagnostic~-7ae7e116-d146-45d2-8500-d7ae8eb259fe]: BUSY {"metadata":{"emulator":{"name":"functions"},"message":"[worker-~diagnostic~-7ae7e116-d146-45d2-8500-d7ae8eb259fe]: BUSY"}}
[debug] [2021-04-01T07:49:44.733Z] [runtime-status] [11130] Functions runtime initialized. {"cwd":"/Users/yanek/Desktop/more_code/premium-cameras/functions","node_version":"15.12.0"} {"metadata":{"emulator":{"name":"functions"},"message":"[runtime-status] [11130] Functions runtime initialized. {\"cwd\":\"/Users/yanek/Desktop/more_code/premium-cameras/functions\",\"node_version\":\"15.12.0\"}"}}
[debug] [2021-04-01T07:49:44.735Z] [runtime-status] [11130] Disabled runtime features: undefined {"metadata":{"emulator":{"name":"functions"},"message":"[runtime-status] [11130] Disabled runtime features: undefined"}}
[debug] [2021-04-01T07:49:44.742Z] [runtime-status] [11130] Resolved module firebase-admin {"declared":true,"installed":true,"version":"9.6.0","resolution":"/Users/yanek/Desktop/more_code/premium-cameras/functions/node_modules/firebase-admin/lib/index.js"} {"metadata":{"emulator":{"name":"functions"},"message":"[runtime-status] [11130] Resolved module firebase-admin {\"declared\":true,\"installed\":true,\"version\":\"9.6.0\",\"resolution\":\"/Users/yanek/Desktop/more_code/premium-cameras/functions/node_modules/firebase-admin/lib/index.js\"}"}}
[debug] [2021-04-01T07:49:44.743Z] [runtime-status] [11130] Resolved module firebase-functions {"declared":true,"installed":true,"version":"3.13.2","resolution":"/Users/yanek/Desktop/more_code/premium-cameras/functions/node_modules/firebase-functions/lib/index.js"} {"metadata":{"emulator":{"name":"functions"},"message":"[runtime-status] [11130] Resolved module firebase-functions {\"declared\":true,\"installed\":true,\"version\":\"3.13.2\",\"resolution\":\"/Users/yanek/Desktop/more_code/premium-cameras/functions/node_modules/firebase-functions/lib/index.js\"}"}}
[debug] [2021-04-01T07:49:44.744Z] [runtime-status] [11130] Resolved module firebase-functions {"declared":true,"installed":true,"version":"3.13.2","resolution":"/Users/yanek/Desktop/more_code/premium-cameras/functions/node_modules/firebase-functions/lib/index.js"} {"metadata":{"emulator":{"name":"functions"},"message":"[runtime-status] [11130] Resolved module firebase-functions {\"declared\":true,\"installed\":true,\"version\":\"3.13.2\",\"resolution\":\"/Users/yanek/Desktop/more_code/premium-cameras/functions/node_modules/firebase-functions/lib/index.js\"}"}}
[debug] [2021-04-01T07:49:44.746Z] [runtime-status] [11130] Outgoing network have been stubbed. [{"name":"http","status":"mocked"},{"name":"http","status":"mocked"},{"name":"https","status":"mocked"},{"name":"https","status":"mocked"},{"name":"net","status":"mocked"}] {"metadata":{"emulator":{"name":"functions"},"message":"[runtime-status] [11130] Outgoing network have been stubbed. [{\"name\":\"http\",\"status\":\"mocked\"},{\"name\":\"http\",\"status\":\"mocked\"},{\"name\":\"https\",\"status\":\"mocked\"},{\"name\":\"https\",\"status\":\"mocked\"},{\"name\":\"net\",\"status\":\"mocked\"}]"}}
[debug] [2021-04-01T07:49:44.746Z] [runtime-status] [11130] Resolved module firebase-functions {"declared":true,"installed":true,"version":"3.13.2","resolution":"/Users/yanek/Desktop/more_code/premium-cameras/functions/node_modules/firebase-functions/lib/index.js"} {"metadata":{"emulator":{"name":"functions"},"message":"[runtime-status] [11130] Resolved module firebase-functions {\"declared\":true,\"installed\":true,\"version\":\"3.13.2\",\"resolution\":\"/Users/yanek/Desktop/more_code/premium-cameras/functions/node_modules/firebase-functions/lib/index.js\"}"}}
[debug] [2021-04-01T07:49:44.829Z] [runtime-status] [11130] Checked functions.config() {"config":{}} {"metadata":{"emulator":{"name":"functions"},"message":"[runtime-status] [11130] Checked functions.config() {\"config\":{}}"}}
[debug] [2021-04-01T07:49:44.830Z] [runtime-status] [11130] firebase-functions has been stubbed. {"functionsResolution":{"declared":true,"installed":true,"version":"3.13.2","resolution":"/Users/yanek/Desktop/more_code/premium-cameras/functions/node_modules/firebase-functions/lib/index.js"}} {"metadata":{"emulator":{"name":"functions"},"message":"[runtime-status] [11130] firebase-functions has been stubbed. {\"functionsResolution\":{\"declared\":true,\"installed\":true,\"version\":\"3.13.2\",\"resolution\":\"/Users/yanek/Desktop/more_code/premium-cameras/functions/node_modules/firebase-functions/lib/index.js\"}}"}}
[debug] [2021-04-01T07:49:44.830Z] [runtime-status] [11130] Resolved module firebase-functions {"declared":true,"installed":true,"version":"3.13.2","resolution":"/Users/yanek/Desktop/more_code/premium-cameras/functions/node_modules/firebase-functions/lib/index.js"} {"metadata":{"emulator":{"name":"functions"},"message":"[runtime-status] [11130] Resolved module firebase-functions {\"declared\":true,\"installed\":true,\"version\":\"3.13.2\",\"resolution\":\"/Users/yanek/Desktop/more_code/premium-cameras/functions/node_modules/firebase-functions/lib/index.js\"}"}}
[debug] [2021-04-01T07:49:44.831Z] [runtime-status] [11130] Resolved module firebase-admin {"declared":true,"installed":true,"version":"9.6.0","resolution":"/Users/yanek/Desktop/more_code/premium-cameras/functions/node_modules/firebase-admin/lib/index.js"} {"metadata":{"emulator":{"name":"functions"},"message":"[runtime-status] [11130] Resolved module firebase-admin {\"declared\":true,\"installed\":true,\"version\":\"9.6.0\",\"resolution\":\"/Users/yanek/Desktop/more_code/premium-cameras/functions/node_modules/firebase-admin/lib/index.js\"}"}}
[debug] [2021-04-01T07:49:44.831Z] [runtime-status] [11130] Resolved module firebase-functions {"declared":true,"installed":true,"version":"3.13.2","resolution":"/Users/yanek/Desktop/more_code/premium-cameras/functions/node_modules/firebase-functions/lib/index.js"} {"metadata":{"emulator":{"name":"functions"},"message":"[runtime-status] [11130] Resolved module firebase-functions {\"declared\":true,\"installed\":true,\"version\":\"3.13.2\",\"resolution\":\"/Users/yanek/Desktop/more_code/premium-cameras/functions/node_modules/firebase-functions/lib/index.js\"}"}}
[debug] [2021-04-01T07:49:44.831Z] [runtime-status] [11130] firebase-admin has been stubbed. {"adminResolution":{"declared":true,"installed":true,"version":"9.6.0","resolution":"/Users/yanek/Desktop/more_code/premium-cameras/functions/node_modules/firebase-admin/lib/index.js"}} {"metadata":{"emulator":{"name":"functions"},"message":"[runtime-status] [11130] firebase-admin has been stubbed. {\"adminResolution\":{\"declared\":true,\"installed\":true,\"version\":\"9.6.0\",\"resolution\":\"/Users/yanek/Desktop/more_code/premium-cameras/functions/node_modules/firebase-admin/lib/index.js\"}}"}}
[info] ✔  functions[api]: http function initialized (http://localhost:5001/premium-cameras-61219/us-central1/api). {"metadata":{"emulator":{"name":"functions"},"message":"\u001b[1mhttp\u001b[22m function initialized (http://localhost:5001/premium-cameras-61219/us-central1/api)."}}
[info] 
┌─────────────────────────────────────────────────────────────┐
│ ✔  All emulators ready! It is now safe to connect your app. │
│ i  View Emulator UI at http://localhost:4000                │
└─────────────────────────────────────────────────────────────┘

┌───────────┬────────────────┬─────────────────────────────────┐
│ Emulator  │ Host:Port      │ View in Emulator UI             │
├───────────┼────────────────┼─────────────────────────────────┤
│ Functions │ localhost:5001 │ http://localhost:4000/functions │
└───────────┴────────────────┴─────────────────────────────────┘
  Emulator Hub running at localhost:4400
  Other reserved ports: 4500

Issues? Report them at https://github.com/firebase/firebase-tools/issues and attach the *-debug.log files.
 
[debug] [2021-04-01T07:49:45.124Z] [worker-~diagnostic~-7ae7e116-d146-45d2-8500-d7ae8eb259fe]: IDLE {"metadata":{"emulator":{"name":"functions"},"message":"[worker-~diagnostic~-7ae7e116-d146-45d2-8500-d7ae8eb259fe]: IDLE"}}
[debug] [2021-04-01T08:14:37.233Z] [work-queue] {"queueLength":1,"workRunningCount":0}
[debug] [2021-04-01T08:14:37.233Z] [work-queue] {"queueLength":0,"workRunningCount":1}
[debug] [2021-04-01T08:14:37.234Z] Accepted request OPTIONS /premium-cameras-61219/us-central1/api/payments/create --> api
[debug] [2021-04-01T08:14:37.241Z] [worker-pool] addWorker(api) {"metadata":{"emulator":{"name":"functions"},"message":"[worker-pool] addWorker(api)"}}
[debug] [2021-04-01T08:14:37.241Z] [worker-pool] Adding worker with key api, total=1 {"metadata":{"emulator":{"name":"functions"},"message":"[worker-pool] Adding worker with key api, total=1"}}
[debug] [2021-04-01T08:14:37.241Z] [worker-pool] submitWork(triggerId=api) {"metadata":{"emulator":{"name":"functions"},"message":"[worker-pool] submitWork(triggerId=api)"}}
[debug] [2021-04-01T08:14:37.241Z] [worker-api-cb86cc92-c940-494b-b441-79c077110ef4]: Assigning socketPath: /var/folders/r_/10ys2td52t1cmvck9xt97dym0000gn/T/fire_emu_11513.sock {"metadata":{"emulator":{"name":"functions"},"message":"[worker-api-cb86cc92-c940-494b-b441-79c077110ef4]: Assigning socketPath: /var/folders/r_/10ys2td52t1cmvck9xt97dym0000gn/T/fire_emu_11513.sock"}}
[debug] [2021-04-01T08:14:37.242Z] [worker-api-cb86cc92-c940-494b-b441-79c077110ef4]: BUSY {"metadata":{"emulator":{"name":"functions"},"message":"[worker-api-cb86cc92-c940-494b-b441-79c077110ef4]: BUSY"}}
[debug] [2021-04-01T08:14:37.498Z] [runtime-status] [11513] Functions runtime initialized. {"cwd":"/Users/yanek/Desktop/more_code/premium-cameras/functions","node_version":"15.12.0"} {"metadata":{"emulator":{"name":"functions"},"function":{"name":"api"},"message":"[runtime-status] [11513] Functions runtime initialized. {\"cwd\":\"/Users/yanek/Desktop/more_code/premium-cameras/functions\",\"node_version\":\"15.12.0\"}"}}
[debug] [2021-04-01T08:14:37.500Z] [runtime-status] [11513] Disabled runtime features: undefined {"metadata":{"emulator":{"name":"functions"},"function":{"name":"api"},"message":"[runtime-status] [11513] Disabled runtime features: undefined"}}
[debug] [2021-04-01T08:14:37.502Z] [runtime-status] [11513] Resolved module firebase-admin {"declared":true,"installed":true,"version":"9.6.0","resolution":"/Users/yanek/Desktop/more_code/premium-cameras/functions/node_modules/firebase-admin/lib/index.js"} {"metadata":{"emulator":{"name":"functions"},"function":{"name":"api"},"message":"[runtime-status] [11513] Resolved module firebase-admin {\"declared\":true,\"installed\":true,\"version\":\"9.6.0\",\"resolution\":\"/Users/yanek/Desktop/more_code/premium-cameras/functions/node_modules/firebase-admin/lib/index.js\"}"}}
[debug] [2021-04-01T08:14:37.503Z] [runtime-status] [11513] Resolved module firebase-functions {"declared":true,"installed":true,"version":"3.13.2","resolution":"/Users/yanek/Desktop/more_code/premium-cameras/functions/node_modules/firebase-functions/lib/index.js"} {"metadata":{"emulator":{"name":"functions"},"function":{"name":"api"},"message":"[runtime-status] [11513] Resolved module firebase-functions {\"declared\":true,\"installed\":true,\"version\":\"3.13.2\",\"resolution\":\"/Users/yanek/Desktop/more_code/premium-cameras/functions/node_modules/firebase-functions/lib/index.js\"}"}}
[debug] [2021-04-01T08:14:37.505Z] [runtime-status] [11513] Resolved module firebase-functions {"declared":true,"installed":true,"version":"3.13.2","resolution":"/Users/yanek/Desktop/more_code/premium-cameras/functions/node_modules/firebase-functions/lib/index.js"} {"metadata":{"emulator":{"name":"functions"},"function":{"name":"api"},"message":"[runtime-status] [11513] Resolved module firebase-functions {\"declared\":true,\"installed\":true,\"version\":\"3.13.2\",\"resolution\":\"/Users/yanek/Desktop/more_code/premium-cameras/functions/node_modules/firebase-functions/lib/index.js\"}"}}
[debug] [2021-04-01T08:14:37.507Z] [runtime-status] [11513] Outgoing network have been stubbed. [{"name":"http","status":"mocked"},{"name":"http","status":"mocked"},{"name":"https","status":"mocked"},{"name":"https","status":"mocked"},{"name":"net","status":"mocked"}] {"metadata":{"emulator":{"name":"functions"},"function":{"name":"api"},"message":"[runtime-status] [11513] Outgoing network have been stubbed. [{\"name\":\"http\",\"status\":\"mocked\"},{\"name\":\"http\",\"status\":\"mocked\"},{\"name\":\"https\",\"status\":\"mocked\"},{\"name\":\"https\",\"status\":\"mocked\"},{\"name\":\"net\",\"status\":\"mocked\"}]"}}
[debug] [2021-04-01T08:14:37.507Z] [runtime-status] [11513] Resolved module firebase-functions {"declared":true,"installed":true,"version":"3.13.2","resolution":"/Users/yanek/Desktop/more_code/premium-cameras/functions/node_modules/firebase-functions/lib/index.js"} {"metadata":{"emulator":{"name":"functions"},"function":{"name":"api"},"message":"[runtime-status] [11513] Resolved module firebase-functions {\"declared\":true,\"installed\":true,\"version\":\"3.13.2\",\"resolution\":\"/Users/yanek/Desktop/more_code/premium-cameras/functions/node_modules/firebase-functions/lib/index.js\"}"}}
[debug] [2021-04-01T08:14:37.570Z] [runtime-status] [11513] Checked functions.config() {"config":{}} {"metadata":{"emulator":{"name":"functions"},"function":{"name":"api"},"message":"[runtime-status] [11513] Checked functions.config() {\"config\":{}}"}}
[debug] [2021-04-01T08:14:37.570Z] [runtime-status] [11513] firebase-functions has been stubbed. {"functionsResolution":{"declared":true,"installed":true,"version":"3.13.2","resolution":"/Users/yanek/Desktop/more_code/premium-cameras/functions/node_modules/firebase-functions/lib/index.js"}} {"metadata":{"emulator":{"name":"functions"},"function":{"name":"api"},"message":"[runtime-status] [11513] firebase-functions has been stubbed. {\"functionsResolution\":{\"declared\":true,\"installed\":true,\"version\":\"3.13.2\",\"resolution\":\"/Users/yanek/Desktop/more_code/premium-cameras/functions/node_modules/firebase-functions/lib/index.js\"}}"}}
[debug] [2021-04-01T08:14:37.570Z] [runtime-status] [11513] Resolved module firebase-functions {"declared":true,"installed":true,"version":"3.13.2","resolution":"/Users/yanek/Desktop/more_code/premium-cameras/functions/node_modules/firebase-functions/lib/index.js"} {"metadata":{"emulator":{"name":"functions"},"function":{"name":"api"},"message":"[runtime-status] [11513] Resolved module firebase-functions {\"declared\":true,\"installed\":true,\"version\":\"3.13.2\",\"resolution\":\"/Users/yanek/Desktop/more_code/premium-cameras/functions/node_modules/firebase-functions/lib/index.js\"}"}}
[debug] [2021-04-01T08:14:37.571Z] [runtime-status] [11513] Resolved module firebase-admin {"declared":true,"installed":true,"version":"9.6.0","resolution":"/Users/yanek/Desktop/more_code/premium-cameras/functions/node_modules/firebase-admin/lib/index.js"} {"metadata":{"emulator":{"name":"functions"},"function":{"name":"api"},"message":"[runtime-status] [11513] Resolved module firebase-admin {\"declared\":true,\"installed\":true,\"version\":\"9.6.0\",\"resolution\":\"/Users/yanek/Desktop/more_code/premium-cameras/functions/node_modules/firebase-admin/lib/index.js\"}"}}
[debug] [2021-04-01T08:14:37.571Z] [runtime-status] [11513] Resolved module firebase-functions {"declared":true,"installed":true,"version":"3.13.2","resolution":"/Users/yanek/Desktop/more_code/premium-cameras/functions/node_modules/firebase-functions/lib/index.js"} {"metadata":{"emulator":{"name":"functions"},"function":{"name":"api"},"message":"[runtime-status] [11513] Resolved module firebase-functions {\"declared\":true,\"installed\":true,\"version\":\"3.13.2\",\"resolution\":\"/Users/yanek/Desktop/more_code/premium-cameras/functions/node_modules/firebase-functions/lib/index.js\"}"}}
[debug] [2021-04-01T08:14:37.572Z] [runtime-status] [11513] firebase-admin has been stubbed. {"adminResolution":{"declared":true,"installed":true,"version":"9.6.0","resolution":"/Users/yanek/Desktop/more_code/premium-cameras/functions/node_modules/firebase-admin/lib/index.js"}} {"metadata":{"emulator":{"name":"functions"},"function":{"name":"api"},"message":"[runtime-status] [11513] firebase-admin has been stubbed. {\"adminResolution\":{\"declared\":true,\"installed\":true,\"version\":\"9.6.0\",\"resolution\":\"/Users/yanek/Desktop/more_code/premium-cameras/functions/node_modules/firebase-admin/lib/index.js\"}}"}}
[debug] [2021-04-01T08:14:37.788Z] [runtime-status] [11513] Trigger "api" has been found, beginning invocation! {"metadata":{"emulator":{"name":"functions"},"function":{"name":"api"},"message":"[runtime-status] [11513] Trigger \"api\" has been found, beginning invocation!"}}
[info] i  functions: Beginning execution of "api" {"metadata":{"emulator":{"name":"functions"},"function":{"name":"api"},"message":"Beginning execution of \"api\""}}
[debug] [2021-04-01T08:14:37.788Z] [runtime-status] [11513] triggerDefinition {"httpsTrigger":{},"name":"api","entryPoint":"api"} {"metadata":{"emulator":{"name":"functions"},"function":{"name":"api"},"message":"[runtime-status] [11513] triggerDefinition {\"httpsTrigger\":{},\"name\":\"api\",\"entryPoint\":\"api\"}"}}
[debug] [2021-04-01T08:14:37.789Z] [runtime-status] [11513] Running api in mode HTTPS {"metadata":{"emulator":{"name":"functions"},"function":{"name":"api"},"message":"[runtime-status] [11513] Running api in mode HTTPS"}}
[debug] [2021-04-01T08:14:37.791Z] [runtime-status] [11513] Attempting to listen to socketPath: /var/folders/r_/10ys2td52t1cmvck9xt97dym0000gn/T/fire_emu_11513.sock {"metadata":{"emulator":{"name":"functions"},"function":{"name":"api"},"message":"[runtime-status] [11513] Attempting to listen to socketPath: /var/folders/r_/10ys2td52t1cmvck9xt97dym0000gn/T/fire_emu_11513.sock"}}
[debug] [2021-04-01T08:14:37.794Z] [functions] Runtime ready! Sending request! {"metadata":{"emulator":{"name":"functions"},"message":"[functions] Runtime ready! Sending request!"}}
[debug] [2021-04-01T08:14:37.801Z] [functions] Got req.url=/premium-cameras-61219/us-central1/api/payments/create, mapping to path=/payments/create {"metadata":{"emulator":{"name":"functions"},"message":"[functions] Got req.url=/premium-cameras-61219/us-central1/api/payments/create, mapping to path=/payments/create"}}
[debug] [2021-04-01T08:14:37.811Z] [runtime-status] [11513] Ephemeral server handling OPTIONS request {"metadata":{"emulator":{"name":"functions"},"function":{"name":"api"},"message":"[runtime-status] [11513] Ephemeral server handling OPTIONS request"}}
[debug] [2021-04-01T08:14:37.815Z] [runtime-status] [11513] Ephemeral server survived. {"metadata":{"emulator":{"name":"functions"},"function":{"name":"api"},"message":"[runtime-status] [11513] Ephemeral server survived."}}
[debug] [2021-04-01T08:14:37.819Z] [work-queue] {"queueLength":1,"workRunningCount":1}
[debug] [2021-04-01T08:14:37.820Z] [work-queue] {"queueLength":0,"workRunningCount":2}
[debug] [2021-04-01T08:14:37.820Z] Accepted request POST /premium-cameras-61219/us-central1/api/payments/create --> api
[debug] [2021-04-01T08:14:37.824Z] [worker-pool] addWorker(api) {"metadata":{"emulator":{"name":"functions"},"message":"[worker-pool] addWorker(api)"}}
[debug] [2021-04-01T08:14:37.825Z] [worker-pool] Adding worker with key api, total=2 {"metadata":{"emulator":{"name":"functions"},"message":"[worker-pool] Adding worker with key api, total=2"}}
[debug] [2021-04-01T08:14:37.825Z] [worker-pool] submitWork(triggerId=api) {"metadata":{"emulator":{"name":"functions"},"message":"[worker-pool] submitWork(triggerId=api)"}}
[debug] [2021-04-01T08:14:37.825Z] [worker-api-e6cf78c0-bad0-436b-a575-7e25627010c5]: Assigning socketPath: /var/folders/r_/10ys2td52t1cmvck9xt97dym0000gn/T/fire_emu_11514.sock {"metadata":{"emulator":{"name":"functions"},"message":"[worker-api-e6cf78c0-bad0-436b-a575-7e25627010c5]: Assigning socketPath: /var/folders/r_/10ys2td52t1cmvck9xt97dym0000gn/T/fire_emu_11514.sock"}}
[debug] [2021-04-01T08:14:37.825Z] [worker-api-e6cf78c0-bad0-436b-a575-7e25627010c5]: BUSY {"metadata":{"emulator":{"name":"functions"},"message":"[worker-api-e6cf78c0-bad0-436b-a575-7e25627010c5]: BUSY"}}
[info] i  functions: Finished "api" in ~1s {"metadata":{"emulator":{"name":"functions"},"function":{"name":"api"},"message":"Finished \"api\" in ~1s"}}
[debug] [2021-04-01T08:14:37.828Z] [worker-api-cb86cc92-c940-494b-b441-79c077110ef4]: IDLE {"metadata":{"emulator":{"name":"functions"},"message":"[worker-api-cb86cc92-c940-494b-b441-79c077110ef4]: IDLE"}}
[debug] [2021-04-01T08:14:37.828Z] [work-queue] {"queueLength":0,"workRunningCount":1}
[debug] [2021-04-01T08:14:37.966Z] [runtime-status] [11514] Functions runtime initialized. {"cwd":"/Users/yanek/Desktop/more_code/premium-cameras/functions","node_version":"15.12.0"} {"metadata":{"emulator":{"name":"functions"},"function":{"name":"api"},"message":"[runtime-status] [11514] Functions runtime initialized. {\"cwd\":\"/Users/yanek/Desktop/more_code/premium-cameras/functions\",\"node_version\":\"15.12.0\"}"}}
[debug] [2021-04-01T08:14:37.969Z] [runtime-status] [11514] Disabled runtime features: undefined {"metadata":{"emulator":{"name":"functions"},"function":{"name":"api"},"message":"[runtime-status] [11514] Disabled runtime features: undefined"}}
[debug] [2021-04-01T08:14:37.972Z] [runtime-status] [11514] Resolved module firebase-admin {"declared":true,"installed":true,"version":"9.6.0","resolution":"/Users/yanek/Desktop/more_code/premium-cameras/functions/node_modules/firebase-admin/lib/index.js"} {"metadata":{"emulator":{"name":"functions"},"function":{"name":"api"},"message":"[runtime-status] [11514] Resolved module firebase-admin {\"declared\":true,\"installed\":true,\"version\":\"9.6.0\",\"resolution\":\"/Users/yanek/Desktop/more_code/premium-cameras/functions/node_modules/firebase-admin/lib/index.js\"}"}}
[debug] [2021-04-01T08:14:37.972Z] [runtime-status] [11514] Resolved module firebase-functions {"declared":true,"installed":true,"version":"3.13.2","resolution":"/Users/yanek/Desktop/more_code/premium-cameras/functions/node_modules/firebase-functions/lib/index.js"} {"metadata":{"emulator":{"name":"functions"},"function":{"name":"api"},"message":"[runtime-status] [11514] Resolved module firebase-functions {\"declared\":true,\"installed\":true,\"version\":\"3.13.2\",\"resolution\":\"/Users/yanek/Desktop/more_code/premium-cameras/functions/node_modules/firebase-functions/lib/index.js\"}"}}
[debug] [2021-04-01T08:14:37.974Z] [runtime-status] [11514] Resolved module firebase-functions {"declared":true,"installed":true,"version":"3.13.2","resolution":"/Users/yanek/Desktop/more_code/premium-cameras/functions/node_modules/firebase-functions/lib/index.js"} {"metadata":{"emulator":{"name":"functions"},"function":{"name":"api"},"message":"[runtime-status] [11514] Resolved module firebase-functions {\"declared\":true,\"installed\":true,\"version\":\"3.13.2\",\"resolution\":\"/Users/yanek/Desktop/more_code/premium-cameras/functions/node_modules/firebase-functions/lib/index.js\"}"}}
[debug] [2021-04-01T08:14:37.975Z] [runtime-status] [11514] Outgoing network have been stubbed. [{"name":"http","status":"mocked"},{"name":"http","status":"mocked"},{"name":"https","status":"mocked"},{"name":"https","status":"mocked"},{"name":"net","status":"mocked"}] {"metadata":{"emulator":{"name":"functions"},"function":{"name":"api"},"message":"[runtime-status] [11514] Outgoing network have been stubbed. [{\"name\":\"http\",\"status\":\"mocked\"},{\"name\":\"http\",\"status\":\"mocked\"},{\"name\":\"https\",\"status\":\"mocked\"},{\"name\":\"https\",\"status\":\"mocked\"},{\"name\":\"net\",\"status\":\"mocked\"}]"}}
[debug] [2021-04-01T08:14:37.975Z] [runtime-status] [11514] Resolved module firebase-functions {"declared":true,"installed":true,"version":"3.13.2","resolution":"/Users/yanek/Desktop/more_code/premium-cameras/functions/node_modules/firebase-functions/lib/index.js"} {"metadata":{"emulator":{"name":"functions"},"function":{"name":"api"},"message":"[runtime-status] [11514] Resolved module firebase-functions {\"declared\":true,\"installed\":true,\"version\":\"3.13.2\",\"resolution\":\"/Users/yanek/Desktop/more_code/premium-cameras/functions/node_modules/firebase-functions/lib/index.js\"}"}}
[debug] [2021-04-01T08:14:38.007Z] [runtime-status] [11514] Checked functions.config() {"config":{}} {"metadata":{"emulator":{"name":"functions"},"function":{"name":"api"},"message":"[runtime-status] [11514] Checked functions.config() {\"config\":{}}"}}
[debug] [2021-04-01T08:14:38.007Z] [runtime-status] [11514] firebase-functions has been stubbed. {"functionsResolution":{"declared":true,"installed":true,"version":"3.13.2","resolution":"/Users/yanek/Desktop/more_code/premium-cameras/functions/node_modules/firebase-functions/lib/index.js"}} {"metadata":{"emulator":{"name":"functions"},"function":{"name":"api"},"message":"[runtime-status] [11514] firebase-functions has been stubbed. {\"functionsResolution\":{\"declared\":true,\"installed\":true,\"version\":\"3.13.2\",\"resolution\":\"/Users/yanek/Desktop/more_code/premium-cameras/functions/node_modules/firebase-functions/lib/index.js\"}}"}}
[debug] [2021-04-01T08:14:38.008Z] [runtime-status] [11514] Resolved module firebase-functions {"declared":true,"installed":true,"version":"3.13.2","resolution":"/Users/yanek/Desktop/more_code/premium-cameras/functions/node_modules/firebase-functions/lib/index.js"} {"metadata":{"emulator":{"name":"functions"},"function":{"name":"api"},"message":"[runtime-status] [11514] Resolved module firebase-functions {\"declared\":true,\"installed\":true,\"version\":\"3.13.2\",\"resolution\":\"/Users/yanek/Desktop/more_code/premium-cameras/functions/node_modules/firebase-functions/lib/index.js\"}"}}
[debug] [2021-04-01T08:14:38.008Z] [runtime-status] [11514] Resolved module firebase-admin {"declared":true,"installed":true,"version":"9.6.0","resolution":"/Users/yanek/Desktop/more_code/premium-cameras/functions/node_modules/firebase-admin/lib/index.js"} {"metadata":{"emulator":{"name":"functions"},"function":{"name":"api"},"message":"[runtime-status] [11514] Resolved module firebase-admin {\"declared\":true,\"installed\":true,\"version\":\"9.6.0\",\"resolution\":\"/Users/yanek/Desktop/more_code/premium-cameras/functions/node_modules/firebase-admin/lib/index.js\"}"}}
[debug] [2021-04-01T08:14:38.009Z] [runtime-status] [11514] Resolved module firebase-functions {"declared":true,"installed":true,"version":"3.13.2","resolution":"/Users/yanek/Desktop/more_code/premium-cameras/functions/node_modules/firebase-functions/lib/index.js"} {"metadata":{"emulator":{"name":"functions"},"function":{"name":"api"},"message":"[runtime-status] [11514] Resolved module firebase-functions {\"declared\":true,\"installed\":true,\"version\":\"3.13.2\",\"resolution\":\"/Users/yanek/Desktop/more_code/premium-cameras/functions/node_modules/firebase-functions/lib/index.js\"}"}}
[debug] [2021-04-01T08:14:38.009Z] [runtime-status] [11514] firebase-admin has been stubbed. {"adminResolution":{"declared":true,"installed":true,"version":"9.6.0","resolution":"/Users/yanek/Desktop/more_code/premium-cameras/functions/node_modules/firebase-admin/lib/index.js"}} {"metadata":{"emulator":{"name":"functions"},"function":{"name":"api"},"message":"[runtime-status] [11514] firebase-admin has been stubbed. {\"adminResolution\":{\"declared\":true,\"installed\":true,\"version\":\"9.6.0\",\"resolution\":\"/Users/yanek/Desktop/more_code/premium-cameras/functions/node_modules/firebase-admin/lib/index.js\"}}"}}
[debug] [2021-04-01T08:14:38.088Z] [runtime-status] [11514] Trigger "api" has been found, beginning invocation! {"metadata":{"emulator":{"name":"functions"},"function":{"name":"api"},"message":"[runtime-status] [11514] Trigger \"api\" has been found, beginning invocation!"}}
[info] i  functions: Beginning execution of "api" {"metadata":{"emulator":{"name":"functions"},"function":{"name":"api"},"message":"Beginning execution of \"api\""}}
[debug] [2021-04-01T08:14:38.088Z] [runtime-status] [11514] triggerDefinition {"httpsTrigger":{},"name":"api","entryPoint":"api"} {"metadata":{"emulator":{"name":"functions"},"function":{"name":"api"},"message":"[runtime-status] [11514] triggerDefinition {\"httpsTrigger\":{},\"name\":\"api\",\"entryPoint\":\"api\"}"}}
[debug] [2021-04-01T08:14:38.088Z] [runtime-status] [11514] Running api in mode HTTPS {"metadata":{"emulator":{"name":"functions"},"function":{"name":"api"},"message":"[runtime-status] [11514] Running api in mode HTTPS"}}
[debug] [2021-04-01T08:14:38.092Z] [runtime-status] [11514] Attempting to listen to socketPath: /var/folders/r_/10ys2td52t1cmvck9xt97dym0000gn/T/fire_emu_11514.sock {"metadata":{"emulator":{"name":"functions"},"function":{"name":"api"},"message":"[runtime-status] [11514] Attempting to listen to socketPath: /var/folders/r_/10ys2td52t1cmvck9xt97dym0000gn/T/fire_emu_11514.sock"}}
[debug] [2021-04-01T08:14:38.095Z] [functions] Runtime ready! Sending request! {"metadata":{"emulator":{"name":"functions"},"message":"[functions] Runtime ready! Sending request!"}}
[debug] [2021-04-01T08:14:38.095Z] [functions] Got req.url=/premium-cameras-61219/us-central1/api/payments/create, mapping to path=/payments/create {"metadata":{"emulator":{"name":"functions"},"message":"[functions] Got req.url=/premium-cameras-61219/us-central1/api/payments/create, mapping to path=/payments/create"}}
[debug] [2021-04-01T08:14:38.133Z] [runtime-status] [11514] Ephemeral server handling POST request {"metadata":{"emulator":{"name":"functions"},"function":{"name":"api"},"message":"[runtime-status] [11514] Ephemeral server handling POST request"}}
[debug] [2021-04-01T08:14:38.144Z] [runtime-status] [11514] Ephemeral server survived. {"metadata":{"emulator":{"name":"functions"},"function":{"name":"api"},"message":"[runtime-status] [11514] Ephemeral server survived."}}
[info] i  functions: Finished "api" in ~1s {"metadata":{"emulator":{"name":"functions"},"function":{"name":"api"},"message":"Finished \"api\" in ~1s"}}
[debug] [2021-04-01T08:14:38.643Z] [worker-api-e6cf78c0-bad0-436b-a575-7e25627010c5]: IDLE {"metadata":{"emulator":{"name":"functions"},"message":"[worker-api-e6cf78c0-bad0-436b-a575-7e25627010c5]: IDLE"}}
[debug] [2021-04-01T08:14:38.643Z] [work-queue] {"queueLength":0,"workRunningCount":0}
[debug] [2021-04-01T08:15:10.315Z] [work-queue] {"queueLength":1,"workRunningCount":0}
[debug] [2021-04-01T08:15:10.316Z] [work-queue] {"queueLength":0,"workRunningCount":1}
[debug] [2021-04-01T08:15:10.316Z] Accepted request OPTIONS /premium-cameras-61219/us-central1/api/payments/create --> api
[debug] [2021-04-01T08:15:10.316Z] [worker-pool] submitWork(triggerId=api) {"metadata":{"emulator":{"name":"functions"},"message":"[worker-pool] submitWork(triggerId=api)"}}
[debug] [2021-04-01T08:15:10.316Z] [worker-api-cb86cc92-c940-494b-b441-79c077110ef4]: Assigning socketPath: /var/folders/r_/10ys2td52t1cmvck9xt97dym0000gn/T/fire_emu_11513.sock {"metadata":{"emulator":{"name":"functions"},"message":"[worker-api-cb86cc92-c940-494b-b441-79c077110ef4]: Assigning socketPath: /var/folders/r_/10ys2td52t1cmvck9xt97dym0000gn/T/fire_emu_11513.sock"}}
[debug] [2021-04-01T08:15:10.316Z] [worker-api-cb86cc92-c940-494b-b441-79c077110ef4]: BUSY {"metadata":{"emulator":{"name":"functions"},"message":"[worker-api-cb86cc92-c940-494b-b441-79c077110ef4]: BUSY"}}
[debug] [2021-04-01T08:15:10.319Z] [runtime-status] [11513] Trigger "api" has been found, beginning invocation! {"metadata":{"emulator":{"name":"functions"},"function":{"name":"api"},"message":"[runtime-status] [11513] Trigger \"api\" has been found, beginning invocation!"}}
[info] i  functions: Beginning execution of "api" {"metadata":{"emulator":{"name":"functions"},"function":{"name":"api"},"message":"Beginning execution of \"api\""}}
[debug] [2021-04-01T08:15:10.321Z] [runtime-status] [11513] triggerDefinition {"httpsTrigger":{},"name":"api","entryPoint":"api"} {"metadata":{"emulator":{"name":"functions"},"function":{"name":"api"},"message":"[runtime-status] [11513] triggerDefinition {\"httpsTrigger\":{},\"name\":\"api\",\"entryPoint\":\"api\"}"}}
[debug] [2021-04-01T08:15:10.321Z] [runtime-status] [11513] Running api in mode HTTPS {"metadata":{"emulator":{"name":"functions"},"function":{"name":"api"},"message":"[runtime-status] [11513] Running api in mode HTTPS"}}
[debug] [2021-04-01T08:15:10.321Z] [runtime-status] [11513] Attempting to listen to socketPath: /var/folders/r_/10ys2td52t1cmvck9xt97dym0000gn/T/fire_emu_11513.sock {"metadata":{"emulator":{"name":"functions"},"function":{"name":"api"},"message":"[runtime-status] [11513] Attempting to listen to socketPath: /var/folders/r_/10ys2td52t1cmvck9xt97dym0000gn/T/fire_emu_11513.sock"}}
[debug] [2021-04-01T08:15:10.322Z] [functions] Runtime ready! Sending request! {"metadata":{"emulator":{"name":"functions"},"message":"[functions] Runtime ready! Sending request!"}}
[debug] [2021-04-01T08:15:10.322Z] [functions] Got req.url=/premium-cameras-61219/us-central1/api/payments/create, mapping to path=/payments/create {"metadata":{"emulator":{"name":"functions"},"message":"[functions] Got req.url=/premium-cameras-61219/us-central1/api/payments/create, mapping to path=/payments/create"}}
[debug] [2021-04-01T08:15:10.325Z] [runtime-status] [11513] Ephemeral server handling OPTIONS request {"metadata":{"emulator":{"name":"functions"},"function":{"name":"api"},"message":"[runtime-status] [11513] Ephemeral server handling OPTIONS request"}}
[debug] [2021-04-01T08:15:10.326Z] [runtime-status] [11513] Ephemeral server survived. {"metadata":{"emulator":{"name":"functions"},"function":{"name":"api"},"message":"[runtime-status] [11513] Ephemeral server survived."}}
[info] i  functions: Finished "api" in ~1s {"metadata":{"emulator":{"name":"functions"},"function":{"name":"api"},"message":"Finished \"api\" in ~1s"}}
[debug] [2021-04-01T08:15:10.326Z] [worker-api-cb86cc92-c940-494b-b441-79c077110ef4]: IDLE {"metadata":{"emulator":{"name":"functions"},"message":"[worker-api-cb86cc92-c940-494b-b441-79c077110ef4]: IDLE"}}
[debug] [2021-04-01T08:15:10.326Z] [work-queue] {"queueLength":0,"workRunningCount":0}
[debug] [2021-04-01T08:15:10.330Z] [work-queue] {"queueLength":1,"workRunningCount":0}
[debug] [2021-04-01T08:15:10.330Z] [work-queue] {"queueLength":0,"workRunningCount":1}
[debug] [2021-04-01T08:15:10.330Z] Accepted request POST /premium-cameras-61219/us-central1/api/payments/create --> api
[debug] [2021-04-01T08:15:10.330Z] [worker-pool] submitWork(triggerId=api) {"metadata":{"emulator":{"name":"functions"},"message":"[worker-pool] submitWork(triggerId=api)"}}
[debug] [2021-04-01T08:15:10.330Z] [worker-api-cb86cc92-c940-494b-b441-79c077110ef4]: Assigning socketPath: /var/folders/r_/10ys2td52t1cmvck9xt97dym0000gn/T/fire_emu_11513.sock {"metadata":{"emulator":{"name":"functions"},"message":"[worker-api-cb86cc92-c940-494b-b441-79c077110ef4]: Assigning socketPath: /var/folders/r_/10ys2td52t1cmvck9xt97dym0000gn/T/fire_emu_11513.sock"}}
[debug] [2021-04-01T08:15:10.330Z] [worker-api-cb86cc92-c940-494b-b441-79c077110ef4]: BUSY {"metadata":{"emulator":{"name":"functions"},"message":"[worker-api-cb86cc92-c940-494b-b441-79c077110ef4]: BUSY"}}
[debug] [2021-04-01T08:15:10.337Z] [runtime-status] [11513] Trigger "api" has been found, beginning invocation! {"metadata":{"emulator":{"name":"functions"},"function":{"name":"api"},"message":"[runtime-status] [11513] Trigger \"api\" has been found, beginning invocation!"}}
[info] i  functions: Beginning execution of "api" {"metadata":{"emulator":{"name":"functions"},"function":{"name":"api"},"message":"Beginning execution of \"api\""}}
[debug] [2021-04-01T08:15:10.338Z] [runtime-status] [11513] triggerDefinition {"httpsTrigger":{},"name":"api","entryPoint":"api"} {"metadata":{"emulator":{"name":"functions"},"function":{"name":"api"},"message":"[runtime-status] [11513] triggerDefinition {\"httpsTrigger\":{},\"name\":\"api\",\"entryPoint\":\"api\"}"}}
[debug] [2021-04-01T08:15:10.338Z] [runtime-status] [11513] Running api in mode HTTPS {"metadata":{"emulator":{"name":"functions"},"function":{"name":"api"},"message":"[runtime-status] [11513] Running api in mode HTTPS"}}
[debug] [2021-04-01T08:15:10.338Z] [runtime-status] [11513] Attempting to listen to socketPath: /var/folders/r_/10ys2td52t1cmvck9xt97dym0000gn/T/fire_emu_11513.sock {"metadata":{"emulator":{"name":"functions"},"function":{"name":"api"},"message":"[runtime-status] [11513] Attempting to listen to socketPath: /var/folders/r_/10ys2td52t1cmvck9xt97dym0000gn/T/fire_emu_11513.sock"}}
[debug] [2021-04-01T08:15:10.338Z] [functions] Runtime ready! Sending request! {"metadata":{"emulator":{"name":"functions"},"message":"[functions] Runtime ready! Sending request!"}}
[debug] [2021-04-01T08:15:10.339Z] [functions] Got req.url=/premium-cameras-61219/us-central1/api/payments/create, mapping to path=/payments/create {"metadata":{"emulator":{"name":"functions"},"message":"[functions] Got req.url=/premium-cameras-61219/us-central1/api/payments/create, mapping to path=/payments/create"}}
[debug] [2021-04-01T08:15:10.357Z] [runtime-status] [11513] Ephemeral server handling POST request {"metadata":{"emulator":{"name":"functions"},"function":{"name":"api"},"message":"[runtime-status] [11513] Ephemeral server handling POST request"}}
[debug] [2021-04-01T08:15:10.365Z] [runtime-status] [11513] Ephemeral server survived. {"metadata":{"emulator":{"name":"functions"},"function":{"name":"api"},"message":"[runtime-status] [11513] Ephemeral server survived."}}
[info] i  functions: Finished "api" in ~1s {"metadata":{"emulator":{"name":"functions"},"function":{"name":"api"},"message":"Finished \"api\" in ~1s"}}
[debug] [2021-04-01T08:15:10.924Z] [worker-api-cb86cc92-c940-494b-b441-79c077110ef4]: IDLE {"metadata":{"emulator":{"name":"functions"},"message":"[worker-api-cb86cc92-c940-494b-b441-79c077110ef4]: IDLE"}}
[debug] [2021-04-01T08:15:10.924Z] [work-queue] {"queueLength":0,"workRunningCount":0}
